commit 2cf893bd43d5924c8a3f0ac6f3a66bbbb835d60e
Author: Ben Toews <mastahyeti@gmail.com>
Date:   Tue Oct 1 17:01:51 2013 -0600

    first commit

A	.ruby-version
A	Dockerfile
A	Gemfile
A	Gemfile.lock
A	README.md
A	hoosegow
A	lib/hoosegow.rb
A	lib/hoosegow/reverse.rb
A	script/bootstrap-docker
A	script/bootstrap-ruby
A	spec/hoosegow_spec.rb

commit 228560ad14b74ce618171f10868e510d7cd1aba7
Author: Ben Toews <mastahyeti@gmail.com>
Date:   Tue Oct 1 17:26:06 2013 -0600

    i guess bash doesn't source ~/.profile in ubuntu

M	Dockerfile
M	script/bootstrap-ruby

commit bfede37204a4c795b80ce137b03ea0e0df251668
Author: Ben Toews <mastahyeti@gmail.com>
Date:   Tue Oct 1 17:28:41 2013 -0600

    docs

M	Dockerfile

commit cf54598723fd7b9a2edf084273988cb7db8eb570
Author: Ben Toews <mastahyeti@gmail.com>
Date:   Tue Oct 1 21:00:15 2013 -0600

    work better with docker cacheing

M	Dockerfile
D	script/bootstrap-ruby

commit 69d71f72ab21c8f74381a3968624997e06916a1b
Author: Ben Toews <mastahyeti@gmail.com>
Date:   Tue Oct 1 21:15:13 2013 -0600

    add verification to docs

M	README.md

commit fd62d6300f6e6609d3d7501677ab158bfebcac71
Author: Ben Toews <mastahyeti@gmail.com>
Date:   Tue Oct 1 21:15:43 2013 -0600

    blah

M	README.md

commit aa7489cd52b9b93f21946fbd7e07c0516de67537
Author: Ben Toews <mastahyeti@gmail.com>
Date:   Tue Oct 1 21:20:14 2013 -0600

    blah blah

M	README.md

commit 917c8fd869f758674b24aae7534af6d21d0b897a
Author: Ben Toews <mastahyeti@gmail.com>
Date:   Thu Oct 3 16:31:01 2013 -0600

    add convict/goaler concepts

A	bin/convict
D	hoosegow
M	lib/hoosegow.rb
A	lib/hoosegow/convict.rb
A	lib/hoosegow/convict/reverse.rb
A	lib/hoosegow/goaler.rb
D	lib/hoosegow/reverse.rb

commit 3ce9a78b8aab3af7665b8dbb78e1aee8f13bd760
Author: Ben Toews <mastahyeti@gmail.com>
Date:   Fri Oct 4 12:15:34 2013 -0600

    make it work

M	Gemfile
M	Gemfile.lock
M	bin/convict
M	lib/hoosegow.rb
M	lib/hoosegow/convict.rb
M	lib/hoosegow/convict/reverse.rb
D	lib/hoosegow/goaler.rb

commit 22249bcbffe5ced80b5495c04e98b15bdb8d7d2f
Author: Ben Toews <mastahyeti@gmail.com>
Date:   Sat Oct 5 02:23:45 2013 -0600

    add docker api client

M	Dockerfile
M	lib/hoosegow.rb
M	lib/hoosegow/convict.rb
A	lib/hoosegow/docker.rb
M	spec/hoosegow_spec.rb

commit ad629c6812f7dfdc0635fee8a4e339561377e63c
Author: Ben Toews <mastahyeti@gmail.com>
Date:   Sat Oct 5 11:55:43 2013 -0600

    diagnose double send

M	Dockerfile
M	bin/convict
M	lib/hoosegow.rb
M	lib/hoosegow/convict.rb
M	lib/hoosegow/convict/reverse.rb
M	lib/hoosegow/docker.rb
A	lib/hoosegow/guard.rb
M	script/bootstrap-docker
A	spec/convict_spec.rb
A	spec/guard_spec.rb
M	spec/hoosegow_spec.rb

commit 856f3ba48631f6c9af18bd6484dbc98193808160
Author: Ben Toews <mastahyeti@gmail.com>
Date:   Sat Oct 5 12:18:39 2013 -0600

    update docs

M	README.md
M	lib/hoosegow/docker.rb
M	spec/guard_spec.rb

commit a0e18ae1d3af270abcfa5eceb5c2d7b43dd6a96b
Author: Ben Toews <mastahyeti@gmail.com>
Date:   Sat Oct 5 12:26:47 2013 -0600

    move Net::HTTP hacks to core_ext

A	lib/hoosegow/core_ext/net_http_response.rb
M	lib/hoosegow/docker.rb

commit 0a0931874c44edf991f282025985889fb3399461
Author: Ben Toews <mastahyeti@gmail.com>
Date:   Sat Oct 5 13:11:08 2013 -0600

    updating gemfile

M	Gemfile
M	Gemfile.lock

commit 46ef7f5e4769432daf6d0cea96fcdceede3e5c36
Author: Ben Toews <mastahyeti@gmail.com>
Date:   Sun Oct 6 17:23:08 2013 -0600

    simplify proxying of method calls and add a development mode

M	bin/convict
M	lib/hoosegow.rb
M	lib/hoosegow/convict.rb
M	lib/hoosegow/guard.rb
M	spec/convict_spec.rb
M	spec/guard_spec.rb

commit b2c0b19a723e9a101be7f98b86220a3bdad2b8b6
Author: Ben Toews <mastahyeti@gmail.com>
Date:   Sun Oct 6 18:37:14 2013 -0600

    add rakefile

A	.gitignore
M	README.md
A	Rakefile
M	lib/hoosegow.rb
M	lib/hoosegow/guard.rb
D	script/bootstrap-docker

commit cacb75841d5d4dc071ab432692088d5277f349db
Author: Ben Toews <mastahyeti@gmail.com>
Date:   Sun Oct 6 22:47:07 2013 -0600

    move image building to API

M	Dockerfile
D	Rakefile
M	lib/hoosegow.rb
M	lib/hoosegow/docker.rb
M	lib/hoosegow/guard.rb

commit 7202632a1d7444c3f075fe62736b4bd85dabee9a
Author: Ben Toews <mastahyeti@gmail.com>
Date:   Sun Oct 6 23:03:35 2013 -0600

    get rid of net:http hacking

D	lib/hoosegow/core_ext/net_http_response.rb
M	lib/hoosegow/docker.rb

commit 7f28f6f664b4036607608958369c42fde924e23a
Author: Ben Toews <mastahyeti@gmail.com>
Date:   Mon Oct 7 02:53:41 2013 -0600

    restructure

M	Dockerfile
M	README.md
A	Rakefile
D	bin/convict
A	bin/hoosegow
M	lib/hoosegow.rb
D	lib/hoosegow/convict.rb
D	lib/hoosegow/convict/reverse.rb
M	lib/hoosegow/docker.rb
D	lib/hoosegow/guard.rb
A	lib/hoosegow/render.rb
A	lib/hoosegow/render/reverse.rb
D	spec/convict_spec.rb
D	spec/guard_spec.rb
M	spec/hoosegow_spec.rb

commit 553d628956922a9e1a7bdd13793efe749e2a1411
Author: Ben Toews <mastahyeti@gmail.com>
Date:   Mon Oct 7 02:54:56 2013 -0600

    don't need to reconfigure docker

M	README.md

commit 36e9fb5320d5238cd002a605c198f10cab7e9874
Author: Ben Toews <mastahyeti@gmail.com>
Date:   Mon Oct 7 02:57:50 2013 -0600

    Document the method patching

M	lib/hoosegow/render.rb

commit ccf9d8f2b152ee805271458db5aa9a049d4970a0
Author: Ben Toews <mastahyeti@gmail.com>
Date:   Mon Oct 7 14:56:16 2013 -0600

    fix ordering of read/write in socket code

M	bin/hoosegow
M	lib/hoosegow.rb
M	lib/hoosegow/docker.rb

commit 552ade004c1faebf342da982231f71a779c7af9b
Author: Ben Toews <mastahyeti@gmail.com>
Date:   Mon Oct 7 16:18:01 2013 -0600

    speed things up a bit

M	bin/hoosegow
M	lib/hoosegow.rb
M	lib/hoosegow/docker.rb

commit 2413993d288eb89b430ffad670b7758ca2cbe14b
Author: Ben Toews <mastahyeti@gmail.com>
Date:   Wed Oct 9 12:49:34 2013 -0600

    add basic gemspec

A	hoosegow.gemspec

commit 425928858864ed7d776d8589581a4efb009c8020
Author: Ben Toews <mastahyeti@gmail.com>
Date:   Thu Oct 10 23:59:30 2013 -0600

    add better serialization of files

M	bin/hoosegow
M	lib/hoosegow.rb
M	lib/hoosegow/render.rb
A	lib/hoosegow/serialize.rb
M	spec/hoosegow_spec.rb
A	spec/serialize_spec.rb

commit 9d12a8c834ffa171473fd6e7f6d80f6480593d99
Author: Ben Toews <mastahyeti@Bens-MacBook-Air.local>
Date:   Mon Oct 14 10:34:19 2013 +0900

    prepare containers and leave sockets open

M	.gitignore
M	Rakefile
M	lib/hoosegow.rb
M	lib/hoosegow/docker.rb
M	spec/hoosegow_spec.rb

commit 88d3637ea75c27201e02c2e7ae87831ac9d478e1
Author: Ben Toews <mastahyeti@gmail.com>
Date:   Mon Oct 14 11:18:42 2013 +0900

    clean up a bit

M	.gitignore
M	Rakefile
M	lib/hoosegow.rb
M	lib/hoosegow/docker.rb
M	spec/hoosegow_spec.rb

commit aaadd3a413c712670b3efd909333fd04c9ae2f48
Merge: 2413993 88d3637
Author: Ben Toews <mastahyeti@users.noreply.github.com>
Date:   Sun Oct 13 19:20:40 2013 -0700

    Merge pull request #3 from github/better_socket_use
    
    Prepare containers and leave sockets open

commit 4d5d0ed39e0dec23ebdf30973af17dbb2e3187ac
Author: Ben Toews <mastahyeti@gmail.com>
Date:   Mon Oct 14 12:01:22 2013 +0900

    get rid of the hanging socket idea. This is almost as quick.

M	Rakefile
M	lib/hoosegow/docker.rb

commit 130891e041d27b70d21f0d47f019f5d256f74344
Author: Ben Toews <mastahyeti@gmail.com>
Date:   Mon Oct 14 12:04:04 2013 +0900

    LoadError, not ImportError

M	Rakefile
M	spec/hoosegow_spec.rb

commit 22293806cddbb1a435bb9fb9cfc32834fabc5780
Author: Ben Toews <mastahyeti@gmail.com>
Date:   Mon Oct 14 12:06:56 2013 +0900

    back to md5sum

M	Rakefile

commit 3b29ee331f3a7d58337d4ec0111639e9308e2574
Merge: 4259288 2229380
Author: Ben Toews <mastahyeti@gmail.com>
Date:   Mon Oct 14 12:16:51 2013 +0900

    Merge branch 'master' into serialize
    
    Conflicts:
    	lib/hoosegow.rb
    	spec/hoosegow_spec.rb

commit 2f65bcf743d302945e344632531e239b9113f15b
Merge: 2229380 3b29ee3
Author: Ben Toews <mastahyeti@users.noreply.github.com>
Date:   Sun Oct 13 20:17:57 2013 -0700

    Merge pull request #2 from github/serialize
    
    Add serialization of files

commit b78d0d263d64a22848b8cc1cadcfaab36892a1c4
Author: Ben Toews <mastahyeti@gmail.com>
Date:   Mon Oct 14 13:43:31 2013 +0900

    just start the new container at the end of the run

M	Rakefile
M	lib/hoosegow.rb
M	lib/hoosegow/docker.rb

commit 9e517509b05918b705b5f4774e9eb0eaad49645a
Author: Ben Toews <mastahyeti@gmail.com>
Date:   Mon Oct 14 15:03:09 2013 +0900

    messing with gemspec

M	Gemfile
M	Gemfile.lock
M	hoosegow.gemspec

commit a7682a9955f7eaeb0887f5d2d88761275e34ac4c
Author: Ben Toews <mastahyeti@gmail.com>
Date:   Wed Oct 23 17:26:25 2013 +0900

    try out msgpack

M	Gemfile.lock
M	hoosegow.gemspec
M	lib/hoosegow.rb
D	lib/hoosegow/serialize.rb
M	spec/hoosegow_spec.rb
D	spec/serialize_spec.rb

commit 4d72114d2129e43a841ad312db8224dde29662da
Author: Ben Toews <mastahyeti@gmail.com>
Date:   Wed Oct 23 17:39:11 2013 +0900

    don't add extra newline

M	lib/hoosegow/docker.rb
M	spec/hoosegow_spec.rb

commit 224639ba775e6e80fd5c42480dc6084be1f8af9b
Author: Patrick Toomey <ptoomey3@biasedcoin.com>
Date:   Thu Oct 24 08:49:54 2013 -0500

    Make rountripping symmetric with msgpack.

M	bin/hoosegow
M	lib/hoosegow.rb
M	lib/hoosegow/docker.rb
M	spec/hoosegow_spec.rb

commit 0607b5ac3209137b7e86edef14ce7a334a607c36
Author: Ben Toews <mastahyeti@gmail.com>
Date:   Thu Nov 7 11:18:13 2013 +0900

    fix bugs

M	lib/hoosegow.rb
M	lib/hoosegow/docker.rb
M	lib/hoosegow/render.rb
M	spec/hoosegow_spec.rb

commit 83d2f04ace66de8a737ec2d84e003e1d010e6fa4
Merge: 4d72114 0607b5a
Author: Ben Toews <mastahyeti@users.noreply.github.com>
Date:   Wed Nov 6 18:19:33 2013 -0800

    Merge pull request #5 from github/more-msgpack
    
    Make rountripping symmetric with msgpack.

commit 7d9b45a5e9dbf6fbbf89aef03234bd8e1d127a49
Merge: b78d0d2 83d2f04
Author: Ben Toews <mastahyeti@users.noreply.github.com>
Date:   Wed Nov 6 18:41:10 2013 -0800

    Merge pull request #8 from github/msgpack
    
    Msgpack

commit 9463408315537f4b1c717d9b0d686b46d27cef80
Author: Ben Toews <mastahyeti@gmail.com>
Date:   Thu Nov 7 16:47:26 2013 +0900

    first stab at generalizing and allowing dependencies to be specified

M	Rakefile
M	lib/hoosegow.rb
D	lib/hoosegow/render.rb
D	lib/hoosegow/render/reverse.rb
A	spec/hoosegow_deps/reverse.rb
M	spec/hoosegow_spec.rb

commit 58ba8ad2004fd2d43f9338d406d4917f82bbe03f
Author: Ben Toews <mastahyeti@gmail.com>
Date:   Thu Nov 7 17:00:36 2013 +0900

    fix rakefile

M	Rakefile

commit 6e495722c44c74ce6c66126a0208a894519ff444
Author: Ben Toews <mastahyeti@gmail.com>
Date:   Thu Nov 7 17:06:18 2013 +0900

    relative_require in rakefile

M	Rakefile

commit 215c0338df405b39a761f1925c858128cc958f8c
Author: Ben Toews <mastahyeti@gmail.com>
Date:   Thu Nov 7 17:25:51 2013 +0900

    workaround for BSD/GNU tar differences

M	lib/hoosegow.rb

commit 8fc4c04966d2887f01f770feb3d9eb4022d05ca5
Author: Ben Toews <mastahyeti@gmail.com>
Date:   Thu Nov 7 20:43:52 2013 +0900

    don't timeout on socket read

M	lib/hoosegow/docker.rb

commit 59e3f878956f8505fe8552dfa7f58b3c7720704b
Merge: 215c033 8fc4c04
Author: Ben Toews <mastahyeti@gmail.com>
Date:   Thu Nov 7 20:44:19 2013 +0900

    Merge branch 'master' into generalize

commit 578e614123bd68376440b5353aad3cbd9ba21c2a
Author: Ben Toews <mastahyeti@gmail.com>
Date:   Fri Nov 8 14:07:51 2013 +0900

    Docker 0.6.6 multiplexes output streams

M	lib/hoosegow.rb
M	lib/hoosegow/docker.rb

commit 6b31c3da2e8d96046ec4edd8171ea330a2df7d01
Author: Ben Toews <mastahyeti@gmail.com>
Date:   Mon Jan 27 17:45:44 2014 -0600

    make everything less shitty

M	Dockerfile
M	Gemfile
M	Gemfile.lock
M	Rakefile
M	lib/hoosegow.rb
M	lib/hoosegow/docker.rb
A	lib/hoosegow/exceptions.rb
D	spec/hoosegow_deps/reverse.rb
M	spec/hoosegow_spec.rb
A	spec/test_inmate/inmate.rb

commit 96dac67262e9c604897f317df67c1404338e0255
Author: Ben Toews <mastahyeti@gmail.com>
Date:   Mon Jan 27 17:47:33 2014 -0600

    inmate gemfile, not dep

M	Gemfile

commit cdea7c4cbf6dbf904cb29368eab7bf8eeed43b20
Author: Ben Toews <mastahyeti@gmail.com>
Date:   Mon Jan 27 17:53:07 2014 -0600

    ws

M	lib/hoosegow/exceptions.rb

commit a7f96c71f9303f70da20f573a5dbe3e588f5692e
Author: Ben Toews <mastahyeti@gmail.com>
Date:   Mon Jan 27 17:54:12 2014 -0600

    add cibuild

A	script/cibuild

commit 629827cd9ae649f2bcdae57062c634fc97157053
Author: Ben Toews <mastahyeti@gmail.com>
Date:   Mon Jan 27 17:55:02 2014 -0600

    no cibuild

D	script/cibuild

commit ef7bdfbd5e2b0e531039703593034579ef5561f7
Merge: 8fc4c04 629827c
Author: Ben Toews <mastahyeti@users.noreply.github.com>
Date:   Mon Jan 27 15:55:21 2014 -0800

    Merge pull request #9 from github/generalize
    
    Allow external dependencies to be passed to image

commit 4d0d45ec610543b304bffc212092d7f78ccd2453
Author: Ben Toews <mastahyeti@gmail.com>
Date:   Mon Jan 27 20:19:22 2014 -0600

    use the image name/tag for versioning

M	Gemfile.lock
M	Rakefile
M	lib/hoosegow.rb
M	lib/hoosegow/docker.rb

commit 1c68e6829e3da41fb225f583690cff19080cfa18
Author: Ben Toews <mastahyeti@gmail.com>
Date:   Tue Jan 28 16:41:58 2014 -0600

    update docs

M	README.md
M	lib/hoosegow.rb

commit 9ccaa03825f9659a0b4217b270d0b9c43c4acb5c
Author: Matt Burke <spraints@gmail.com>
Date:   Mon Feb 17 16:07:57 2014 -0500

    commas

M	lib/hoosegow.rb

commit 5ce889782e74a6559460ea95ef4a75cd61e5d9e5
Author: Matt Burke <spraints@gmail.com>
Date:   Mon Feb 17 16:08:38 2014 -0500

    Open3.popen3 -> Open3.capture3

M	lib/hoosegow.rb

commit 72c30a7cea3f886a7dfe6096a7b9baabc8975c5e
Author: Matt Burke <spraints@gmail.com>
Date:   Mon Feb 17 16:11:19 2014 -0500

    Accept more customization for images.

M	lib/hoosegow.rb
A	lib/hoosegow/image_bundle.rb

commit 7f04ea8fa5975e7d287f34dfa60115288d7b3c89
Author: Matt Burke <spraints@gmail.com>
Date:   Mon Feb 17 16:12:59 2014 -0500

    Stream image build messages back to the caller.

M	lib/hoosegow.rb
M	lib/hoosegow/docker.rb

commit 42f90d22bff95a289a2be7a511273145c96fc882
Author: Matt Burke <spraints@gmail.com>
Date:   Mon Feb 17 16:17:05 2014 -0500

    Raise an error if the image build returned an error.

M	lib/hoosegow/docker.rb

commit 5c5958dff2d4fdfdcf17fb9d99217ccfcfb6802c
Author: Matt Burke <spraints@gmail.com>
Date:   Mon Feb 17 16:18:20 2014 -0500

    Pull `prestart` up so it can be passed by the calling code.

M	lib/hoosegow/docker.rb

commit 3e78296ab3428de63452fe89c5a14183e833b0fb
Merge: 1c68e68 5ce8897
Author: Matt Burke <spraints@gmail.com>
Date:   Mon Feb 17 17:26:22 2014 -0500

    Merge pull request #12 from github/basics
    
    Make Hoosegow#build_image happy

commit fd250aabbd64c44320680abd09ea1435987a8a88
Merge: 3e78296 5c5958d
Author: Matt Burke <spraints@gmail.com>
Date:   Mon Feb 17 21:10:45 2014 -0500

    Merge pull request #15 from github/prestart
    
    Pull `prestart` up so it can be passed by the calling code.

commit a84172cde030ed8671cee558ee1d88e87d701002
Author: Matt Burke <spraints@gmail.com>
Date:   Tue Feb 18 06:46:01 2014 -0500

    Raise an error immediately during build.

M	lib/hoosegow/docker.rb
M	lib/hoosegow/exceptions.rb

commit 28fc2789ebf7966c58f84eae9e4da2765824080e
Merge: 72c30a7 fd250aa
Author: Matt Burke <spraints@gmail.com>
Date:   Tue Feb 18 06:47:38 2014 -0500

    Merge remote-tracking branch 'origin/master' into flexible-images
    
    Conflicts:
    	lib/hoosegow.rb

commit af5ce4e1793910ffc253cc2c91f091cfb4aa63d9
Author: Matt Burke <spraints@gmail.com>
Date:   Tue Feb 18 07:07:01 2014 -0500

    Disassembly the docker error hash.
    
    This makes the exception object map to the root of the hash. The hash
    has two elements: "error" (the message) and "errorDetail" (a status code
    and the message).

M	lib/hoosegow/exceptions.rb

commit ea8de062ca80a054df95ad7f91add3a3bce64702
Merge: fd250aa af5ce4e
Author: Matt Burke <spraints@gmail.com>
Date:   Tue Feb 18 17:47:21 2014 -0500

    Merge pull request #13 from github/build-status
    
    Build status

commit d0c1d2934bb10dd1bab8f60e6f8be55a0d65acbb
Merge: 28fc278 ea8de06
Author: Matt Burke <spraints@gmail.com>
Date:   Tue Feb 18 17:48:31 2014 -0500

    Merge remote-tracking branch 'origin/master' into flexible-images
    
    Conflicts:
    	lib/hoosegow.rb

commit c9407450f0a85b98a8306c65eefddea5a083fed9
Merge: ea8de06 d0c1d29
Author: Matt Burke <spraints@gmail.com>
Date:   Tue Feb 18 17:48:59 2014 -0500

    Merge pull request #14 from github/flexible-images
    
    Accept more customization for images.

commit b6a25f0e1a74925fbfa6738b330f9415b35f299f
Author: Matt Burke <spraints@gmail.com>
Date:   Tue Feb 18 17:49:35 2014 -0500

    Stream, or return the whole HTTP response body.

M	lib/hoosegow/docker.rb

commit 705bd2f14f2f9d612cf6739b4133429f63f2376b
Author: Matt Burke <spraints@gmail.com>
Date:   Wed Feb 19 06:46:29 2014 -0500

    Describe how this is going to work.

A	docs/dispatch.md

commit b62e3cd5d7642cef0c83ac000487953019ac65db
Author: Matt Burke <spraints@gmail.com>
Date:   Wed Feb 19 07:12:00 2014 -0500

    Encode callbacks and return values from an inmate.

A	lib/hoosegow/protocol.rb
M	spec/hoosegow_spec.rb

commit 7d6880d2e61dd220ed6866e66a2b0408c3a2aa11
Author: Matt Burke <spraints@gmail.com>
Date:   Wed Feb 19 07:15:28 2014 -0500

    Also encode exceptions from the inmate.

M	lib/hoosegow.rb
M	lib/hoosegow/protocol.rb
M	spec/hoosegow_spec.rb

commit 4b05d1a80c36cf0df334c33c1f68d1480d3142c8
Author: Matt Burke <spraints@gmail.com>
Date:   Wed Feb 19 07:48:23 2014 -0500

    Multiplex stdout with a sidechannel.

M	lib/hoosegow/protocol.rb
M	spec/hoosegow_spec.rb

commit ba961ff6f8b580d41be9bdf40460a4502cc55f86
Author: Matt Burke <spraints@gmail.com>
Date:   Wed Feb 19 07:53:26 2014 -0500

    Don't raise on EOF.

M	lib/hoosegow/protocol.rb
M	spec/hoosegow_spec.rb

commit 234964d874122bc5ca76deb6bdc90237f3a3e405
Author: Matt Burke <spraints@gmail.com>
Date:   Wed Feb 19 09:25:57 2014 -0500

    Decode messages from an inmate via a proxy.

M	lib/hoosegow/protocol.rb
M	spec/hoosegow_spec.rb

commit 1d1f21af5e737c480210b242db051daa20ae7edc
Author: Matt Burke <spraints@gmail.com>
Date:   Wed Feb 19 09:31:54 2014 -0500

    Do not require all data to come in one read.

M	lib/hoosegow/protocol.rb
M	spec/hoosegow_spec.rb

commit 564a5e8e17789789fd66219d4ccacef33096c74f
Author: Matt Burke <spraints@gmail.com>
Date:   Wed Feb 19 09:51:49 2014 -0500

    Also decode errors.

M	lib/hoosegow/exceptions.rb
M	lib/hoosegow/protocol.rb
M	spec/hoosegow_spec.rb

commit df522f678938062c08c71bc67b966ab79223c549
Author: Matt Burke <spraints@gmail.com>
Date:   Wed Feb 19 10:34:19 2014 -0500

    Add a script to test all the layers, without docker.

A	script/proxy-integration-test

commit cbdbc3297613cd011ae04c1a58ee3229b95c20d2
Author: Matt Burke <spraints@gmail.com>
Date:   Wed Feb 19 10:46:26 2014 -0500

    Reimplement bin/hoosegow and proxy_send with the new Protocol classes.
    
    This makes it possible for the proxied class to do all of the following
    in a way that is mostly transparent to the caller:
    
    * return a value
    * yield to a block
    * raise an exception
    * write to stdout
    * write to stderr

M	bin/hoosegow
M	lib/hoosegow.rb
M	lib/hoosegow/protocol.rb
M	script/proxy-integration-test
M	spec/hoosegow_spec.rb

commit 51c88483576a05db96f28004cb775f07cca76cac
Author: Matt Burke <spraints@gmail.com>
Date:   Wed Feb 19 10:51:12 2014 -0500

    :point_right: docs/dispatch.md :point_left:

M	bin/hoosegow
M	lib/hoosegow.rb
M	lib/hoosegow/protocol.rb

commit 7ec5e6a016664fe573e56ac2b7af0fcc590dd7f1
Author: Matt Burke <spraints@gmail.com>
Date:   Wed Feb 19 11:00:24 2014 -0500

    <pre>

M	docs/dispatch.md

commit dcbf66351e018deecd18424ec7b3c8ac50443818
Author: Matt Burke <spraints@gmail.com>
Date:   Wed Feb 19 11:03:05 2014 -0500

    :lipstick:

M	lib/hoosegow/protocol.rb

commit 04731d81142e067eb2c5cf3951676a5ce2b688c7
Author: Matt Burke <spraints@gmail.com>
Date:   Thu Feb 20 14:20:24 2014 -0500

    Remove intermediate containers from `build_image`.

M	lib/hoosegow/docker.rb

commit afca37b6bd3131e40661d29cd0c774416a7ffe80
Author: Matt Burke <spraints@gmail.com>
Date:   Fri Feb 21 08:04:47 2014 -0500

    Don't hang if stdin isn't closed.

M	lib/hoosegow/protocol.rb
M	spec/hoosegow_spec.rb

commit 4af9e93137b9ab0908bc88b0c935d2dd5650a54a
Author: Matt Burke <spraints@gmail.com>
Date:   Fri Feb 21 08:07:43 2014 -0500

    Exclude only has to remove files that aren't there.

M	lib/hoosegow/image_bundle.rb

commit dbef6c7260d5cb356c0bedebc9fa1f70b5967f59
Author: Matt Burke <spraints@gmail.com>
Date:   Fri Feb 21 08:28:52 2014 -0500

    Make HoosegowDocker#run_container use the block.
    
    derp

M	lib/hoosegow/docker.rb

commit 0ebbb2f978a3129f84be926bfc304001939b3a87
Author: Matt Burke <spraints@gmail.com>
Date:   Fri Feb 21 08:33:46 2014 -0500

    Remove unused method.
    
    The equivalent functionality is now in `lib/hoosegow/protocol.rb`

M	lib/hoosegow/docker.rb

commit b3c419166c43e4cf47e1d47fd31ccad5c25eb455
Author: Matt Burke <spraints@gmail.com>
Date:   Fri Feb 21 11:43:05 2014 -0500

    Map volumes.

M	lib/hoosegow/docker.rb

commit 1bea0092f49b32ca4844c4f890506be41ab8b815
Author: Matt Burke <spraints@gmail.com>
Date:   Fri Feb 21 15:11:05 2014 -0500

    Ensure container teardown.

M	lib/hoosegow/docker.rb

commit 3e6dd371c8d2bf1fb4377d1cc0efb44b4f27b41d
Author: Matt Burke <spraints@gmail.com>
Date:   Fri Feb 21 17:58:11 2014 -0500

    Drop one layer from the hoosegow sandwich.
    
    Was:
    * app
    * docker
    * `bin/hoosegow`
    * `bin/hoosegow client` (with inmate)
    * inmate
    
    Is:
    * app
    * docker
    * `bin/hoosegow` (with inmate)

M	bin/hoosegow
M	docs/dispatch.md
M	lib/hoosegow/protocol.rb
M	script/proxy-integration-test
M	spec/hoosegow_spec.rb

commit b5554b0dd77f5def58645113ab83a8fe6519e382
Author: Matt Burke <spraints@gmail.com>
Date:   Fri Feb 21 19:03:51 2014 -0500

    Always mount read-write.
    
    I think this is the default, but I am also pretty sure that I got an
    error when accessing a file that was already there.

M	lib/hoosegow/docker.rb

commit 5ec6f42a01f16c3edf7e07f3b3ca35cf6390954d
Author: Matt Burke <spraints@gmail.com>
Date:   Sun Feb 23 21:02:08 2014 -0500

    Transfer exception types and backtraces across the hoosegow boundaries.
    
    I was trying to debug some code, and got an error that a stack trace
    would have been very helpful for.

M	lib/hoosegow/protocol.rb
M	spec/hoosegow_spec.rb

commit 8a9bfd952eb49fba5507bc75cb9c4c689311a608
Author: Matt Burke <spraints@gmail.com>
Date:   Sun Feb 23 21:56:09 2014 -0500

    @volumes can be nil.

M	lib/hoosegow/docker.rb

commit 1a9f655ee31d0a2d82b5c920a863b97b43aab1d2
Author: Matt Burke <spraints@gmail.com>
Date:   Mon Feb 24 09:59:20 2014 -0500

    Cut out rspec from the example stack trace.

M	spec/hoosegow_spec.rb

commit 6609e0e00bcfd0bc39e4b026da85abf45dbd9fcb
Author: Matt Burke <spraints@gmail.com>
Date:   Mon Feb 24 10:02:33 2014 -0500

    Add dividers around the embedded stack trace.

M	lib/hoosegow/protocol.rb

commit 9f36b833566405aea988f4b66faa0b78afaddab8
Author: Matt Burke <spraints@gmail.com>
Date:   Mon Feb 24 10:04:06 2014 -0500

    Don't include #raise_args in the backtrace.

M	lib/hoosegow/protocol.rb

commit 5d85d694dd78755090839b3bf60723491e9603e6
Merge: c940745 9f36b83
Author: Matt Burke <spraints@gmail.com>
Date:   Mon Feb 24 17:22:34 2014 -0500

    Merge pull request #16 from github/steroids
    
    Let the inmate `yield`

commit f96df77f50882f0af0b0dd51b4d926ff67ebae84
Author: Matt Burke <spraints@gmail.com>
Date:   Mon Feb 24 20:30:37 2014 -0500

    Don't eval things from the container.

M	lib/hoosegow/protocol.rb
M	spec/hoosegow_spec.rb

commit 45e23a64cb7fc6ad350c50ce6c93a800eccc3376
Merge: 5d85d69 f96df77
Author: Matt Burke <spraints@gmail.com>
Date:   Wed Feb 26 12:43:28 2014 -0500

    Merge pull request #19 from github/xevalx
    
    Don't eval things from the container.

commit c13ee4636f07522186e3a750762da1bfcb4e88a1
Author: Matt Burke <spraints@gmail.com>
Date:   Fri Mar 28 10:35:19 2014 -0400

    Add specs for volume transformations.

A	spec/hoosegow_docker_spec.rb

commit 37d5c343187d537ce6a0f92ffa3e49ef6dcba5b4
Author: Matt Burke <spraints@gmail.com>
Date:   Fri Mar 28 10:37:58 2014 -0400

    Refactor so there's just one place that handles @volumes.

M	lib/hoosegow/docker.rb
M	spec/hoosegow_docker_spec.rb

commit e1e6491ccac15001bbaa2dcf33552bfe726c2784
Author: Matt Burke <spraints@gmail.com>
Date:   Fri Mar 28 10:42:34 2014 -0400

    Default to "ro" volumes.

M	lib/hoosegow/docker.rb
M	spec/hoosegow_docker_spec.rb

commit 24bf4f77fe140e46a017ad707bfefb3ba1f4418b
Merge: e1e6491 45e23a6
Author: Matt Burke <spraints@gmail.com>
Date:   Fri Mar 28 10:43:37 2014 -0400

    Merge remote-tracking branch 'origin/master' into volumes
    
    Conflicts:
    	lib/hoosegow/docker.rb

commit 019118bfd1c8205a45e3ddc2212fc80eed725a7c
Author: Matt Burke <spraints@gmail.com>
Date:   Fri Mar 28 10:50:22 2014 -0400

    Docker seems to care about the case of arguments in 0.9

M	lib/hoosegow/docker.rb

commit 1e910ecaa8c22db9e582170bcb2ac6c9fe387d53
Merge: 45e23a6 24bf4f7
Author: Matt Burke <spraints@gmail.com>
Date:   Fri Mar 28 15:47:58 2014 -0400

    Merge pull request #17 from github/volumes
    
    Mount volumes

commit 898dc246638509f527715c67fb3bd09ab68a1d5b
Merge: 019118b 1e910ec
Author: Matt Burke <spraints@gmail.com>
Date:   Fri Mar 28 15:49:26 2014 -0400

    Merge remote-tracking branch 'origin/master' into case-sensitive
    
    Conflicts:
    	lib/hoosegow/docker.rb

commit 3d0beb076b45337d17e1e007a4c188d728dd3a0d
Merge: 1e910ec 898dc24
Author: Matt Burke <spraints@gmail.com>
Date:   Fri Mar 28 15:50:17 2014 -0400

    Merge pull request #20 from github/case-sensitive
    
    s/image/Image/

commit 463be6e407076f1f0380bdc5c8d6d45ed64a50b0
Author: Matt Burke <spraints@gmail.com>
Date:   Wed Apr 2 07:03:46 2014 -0400

    Accept more options for docker containers.

M	lib/hoosegow/docker.rb

commit 46dc24b963a56b6f6ade46ff835edf38dffe6a0b
Merge: 3d0beb0 463be6e
Author: Matt Burke <spraints@gmail.com>
Date:   Thu Apr 3 10:13:09 2014 -0400

    Merge pull request #21 from github/more-container-configuration
    
    Accept more options for docker containers.

commit 72dd1b30dd308e2f4ee7c9278ce4685d665f740e
Author: Parker Moore <parkrmoore@gmail.com>
Date:   Mon Jun 2 13:11:55 2014 -0400

    export proper rbenv path to $PATH; and $RBENV_ROOT
    
    RBENV_ROOT is required when rbenv is placed in a non-standard directory
    (i.e. not $HOME/.rbenv)

M	Dockerfile

commit 3b116929935ec0e94cc068c1570a602faaae3285
Author: Parker Moore <parkrmoore@gmail.com>
Date:   Mon Jun 2 13:35:29 2014 -0400

    Reformatted profile changes in Dockerfile.

M	Dockerfile

commit 7fb436bdd91455236151c2142e798cd9cf80aee5
Author: Ben Toews <mastahyeti@users.noreply.github.com>
Date:   Mon Jun 2 19:46:07 2014 +0200

    Update Dockerfile

M	Dockerfile

commit 8d0ee575a9655e67a4a34929fa170062095e6225
Merge: 46dc24b 7fb436b
Author: Ben Toews <mastahyeti@users.noreply.github.com>
Date:   Mon Jun 2 19:46:27 2014 +0200

    Merge pull request #24 from github/rbenv-dockerfile-fix
    
    Fix rbenv setup in Dockerfile

commit 2e1b7efabae7b25c5f4b88b5fce013e067257042
Author: Mastahyeti <mastahyeti@users.noreply.github.com>
Date:   Fri Aug 8 10:39:33 2014 -0600

    buffer the response before parsing it

M	lib/hoosegow/docker.rb

commit efae2c29c55a0682f5b80bc5128c6df4bb79aa8f
Author: Matt Burke <spraints@gmail.com>
Date:   Mon Sep 8 16:27:57 2014 -0400

    Tell interested callers about the docker container.

M	lib/hoosegow/docker.rb

commit 97461da2b1061edd3137d599e629b4fddcdbc3de
Author: Matt Burke <spraints@gmail.com>
Date:   Tue Sep 9 11:13:17 2014 -0400

    Also notify after the container is started.

M	lib/hoosegow/docker.rb

commit 8c20432b0b36ade3c6faf958b356e15e4e74a50e
Author: Matt Burke <spraints@gmail.com>
Date:   Tue Sep 9 11:14:28 2014 -0400

    :lipstick:

M	lib/hoosegow/docker.rb

commit 04779e419d93257242a8f1beeae8795710135cc7
Author: Matt Burke <spraints@gmail.com>
Date:   Tue Sep 9 14:11:51 2014 -0400

    Try to get data to the parent container more quickly.
    
    I was running some code that does `yield n` every 2 seconds. If the
    inmate gets `kill -9`ed, the yielded data never gets to the parent. If
    the inmate gets `kill -INT`ed, the yielded data all shows up in a batch
    as the inmate exits.
    
    This is an attempt to make the data show up in the parent more quickly.

M	bin/hoosegow

commit 1e37e343411035d552270663233ed2271a8c992c
Author: Matt Burke <spraints@gmail.com>
Date:   Tue Sep 9 15:25:00 2014 -0400

    after_stop callback

M	lib/hoosegow/docker.rb

commit d5e959644a95dd8e46080607067ef2810ddf5e3d
Author: Matt Burke <spraints@gmail.com>
Date:   Wed Sep 10 12:38:31 2014 -0500

    also use :after_stop

M	lib/hoosegow/docker.rb

commit 590bfeb7a2e878cb88193ea9ca779a4ff0e1e021
Author: Matt Burke <spraints@gmail.com>
Date:   Wed Sep 10 12:39:20 2014 -0500

    empty proc -> nil

M	lib/hoosegow/docker.rb

commit 4b58fcea2583912febf55f5b016f11403bd23511
Merge: 8d0ee57 590bfeb
Author: Ben Toews <mastahyeti@users.noreply.github.com>
Date:   Wed Sep 10 13:00:42 2014 -0600

    Merge pull request #28 from github/spraints/callbacks
    
    Callbacks

commit f5cef4798ce8fc488d7466486509be4147086be2
Merge: 2e1b7ef 4b58fce
Author: Mastahyeti <mastahyeti@users.noreply.github.com>
Date:   Mon Sep 22 15:15:46 2014 +0200

    Merge branch 'master' into buffer_json

commit 86b4f95f8116b39484b61581ffcbb98abae7deb8
Author: Mastahyeti <mastahyeti@users.noreply.github.com>
Date:   Mon Sep 22 15:40:53 2014 +0200

    use Yajl for JSON parsing and handle multiple JSON objects in response

M	Gemfile.lock
M	hoosegow.gemspec
M	lib/hoosegow.rb
M	lib/hoosegow/docker.rb

commit 603fc1c2d86daaee25cb8a662bc2b954c674c289
Author: Matt Burke <spraints@gmail.com>
Date:   Mon Sep 22 12:47:04 2014 -0400

    Raise an error if there's a problem building an image.

M	lib/hoosegow/docker.rb

commit 7faf086bb2fea48238fd65f8ca16b71716af7f74
Author: Mastahyeti <mastahyeti@users.noreply.github.com>
Date:   Tue Sep 23 00:54:36 2014 +0200

    remove json dep

M	Gemfile.lock
M	hoosegow.gemspec

commit 5544c86e26e7091e3601d388f86df1ecdd1da754
Author: Mastahyeti <mastahyeti@users.noreply.github.com>
Date:   Tue Sep 23 14:37:38 2014 +0200

    "parser.parser"

M	lib/hoosegow/docker.rb

commit 01ea89536fde21fccc856a8fb5f55bb9407d35f0
Author: Mastahyeti <mastahyeti@users.noreply.github.com>
Date:   Tue Sep 23 15:29:50 2014 +0200

    only yield if block_given?

M	lib/hoosegow/docker.rb

commit 483fd1effd0940d6334ee869a43620329752e146
Merge: 4b58fce 01ea895
Author: Ben Toews <mastahyeti@users.noreply.github.com>
Date:   Tue Sep 23 15:47:42 2014 +0200

    Merge pull request #27 from github/buffer_json
    
    Buffer JSON response before parsing it

commit ce4a041cbbc329ad6be921757e722c020c33ba40
Author: Ben Toews <mastahyeti@users.noreply.github.com>
Date:   Tue Sep 23 16:15:26 2014 +0200

    1.0.0

M	hoosegow.gemspec

commit 788d667fac12fc38acc135d1daa27dd796cfbe26
Author: Matt Burke <spraints@gmail.com>
Date:   Thu Sep 25 14:16:24 2014 -0400

    Clean up the file list in the gemspec.

M	hoosegow.gemspec

commit cba38850999b2077f2af30de2262115f00b68d91
Author: Matt Burke <spraints@gmail.com>
Date:   Thu Sep 25 14:30:59 2014 -0400

    hoosegow needs its Gemfile and gemspec, when it's inside docker.

M	hoosegow.gemspec

commit 03afab25bb983451df7772dd35fe3faec3d55acc
Author: Matt Burke <spraints@gmail.com>
Date:   Thu Sep 25 14:45:39 2014 -0400

    Hoosegow is not a git repository inside the container.

M	hoosegow.gemspec

commit d05d59860138fa2c0e37905cd445fed2716f324d
Merge: ce4a041 03afab2
Author: Matt Burke <spraints@gmail.com>
Date:   Fri Sep 26 12:18:45 2014 -0400

    Merge pull request #30 from github/update-gemspec
    
    Clean up the file list in the gemspec.

commit c9216e08ed1372a6e24a2590a7277d657c6bce55
Author: Matt Burke <spraints@gmail.com>
Date:   Fri Sep 26 12:22:13 2014 -0400

    1.0.1

M	hoosegow.gemspec

commit f7068fb5b79edc0846817253a1143e02a2524e53
Author: Matt Burke <spraints@gmail.com>
Date:   Fri Sep 26 12:29:58 2014 -0400

    Add a note about installation.

M	README.md

commit a7e9d856b911354b04cc1e81afb2a2d805c047f4
Author: Mastahyeti <mastahyeti@users.noreply.github.com>
Date:   Mon Sep 29 16:08:55 2014 +0200

    try using their client

M	.ruby-version
M	Gemfile
M	Gemfile.lock
M	hoosegow.gemspec
M	lib/hoosegow/docker.rb

commit 04c3ce6bda16723dda388421b5ad6016041f422e
Author: Mastahyeti <mastahyeti@users.noreply.github.com>
Date:   Mon Sep 29 16:10:14 2014 +0200

    leave old ruby version

M	.ruby-version

commit 117bea6e1bb445558ddf2ce8dc948b1066da2e72
Author: Mastahyeti <mastahyeti@users.noreply.github.com>
Date:   Mon Sep 29 16:12:47 2014 +0200

    use apsolute class path

M	lib/hoosegow/docker.rb

commit 3edc356499576b8f730da8b506907da119c5777b
Author: Mastahyeti <mastahyeti@users.noreply.github.com>
Date:   Mon Sep 29 16:13:37 2014 +0200

    container.info

M	lib/hoosegow/docker.rb

commit 9312ee4c4d41e2c6cb24e7698c2dbbba79595ef0
Author: Mastahyeti <mastahyeti@users.noreply.github.com>
Date:   Mon Sep 29 16:14:02 2014 +0200

    ws

M	lib/hoosegow/docker.rb

commit b5a74a6b9131ecff088ef14a7f5eefffcf9dfb5d
Author: Mastahyeti <mastahyeti@users.noreply.github.com>
Date:   Tue Sep 30 14:39:28 2014 +0200

    get it working

M	Gemfile
M	hoosegow.gemspec
M	lib/hoosegow.rb
M	lib/hoosegow/docker.rb
M	lib/hoosegow/protocol.rb

commit 77bd8940d21b24f0aa2f54cc17fd5b966c505343
Author: Mastahyeti <mastahyeti@users.noreply.github.com>
Date:   Tue Sep 30 14:41:27 2014 +0200

    DEFAULT_SOCKET_PATH -> DEFAULT_SOCKET

M	lib/hoosegow/docker.rb

commit 91c42dcb91a05affb39418fcc26c8d13c1fb62a7
Author: Mastahyeti <mastahyeti@users.noreply.github.com>
Date:   Tue Sep 30 14:51:21 2014 +0200

    fix Hoosegow#image_exists?

M	lib/hoosegow.rb
M	lib/hoosegow/docker.rb

commit 05a1dfa1a4f9b482f9bfc58157c9fa9ea6140b12
Author: Mastahyeti <mastahyeti@users.noreply.github.com>
Date:   Tue Sep 30 14:59:50 2014 +0200

    simplify callback code

M	lib/hoosegow/docker.rb

commit 528c34e244ab3af2af01b089b1f19d208a1e6ee4
Author: Mastahyeti <mastahyeti@users.noreply.github.com>
Date:   Tue Sep 30 15:05:25 2014 +0200

    fix up method signatures/docs

M	lib/hoosegow/docker.rb

commit 84b3c75e90f1107efd1affe388e40aaa83f51516
Author: Mastahyeti <mastahyeti@users.noreply.github.com>
Date:   Tue Sep 30 15:12:58 2014 +0200

    add rake as a development dependency

M	Gemfile.lock
M	hoosegow.gemspec

commit 7e7b3cc31b4c643ff76863ef92764a7877fd53ef
Author: Mastahyeti <mastahyeti@users.noreply.github.com>
Date:   Tue Sep 30 15:28:19 2014 +0200

    get tests running again

M	spec/hoosegow_spec.rb

commit bbab6f40af1e77b5992329f32513ef8451e8474c
Author: Mastahyeti <mastahyeti@users.noreply.github.com>
Date:   Tue Sep 30 15:39:10 2014 +0200

    test Hoosegow#image_exists?

M	spec/hoosegow_spec.rb

commit d882e55500c6aa3f4379647d8263d18f5c775203
Author: Mastahyeti <mastahyeti@users.noreply.github.com>
Date:   Tue Sep 30 15:41:27 2014 +0200

    reword no_proxy test

M	spec/hoosegow_spec.rb

commit fb18188cb91fa4bae03e1a5d52344f8500744853
Author: Mastahyeti <mastahyeti@users.noreply.github.com>
Date:   Tue Sep 30 15:46:40 2014 +0200

    test docker url generation

M	spec/hoosegow_docker_spec.rb

commit d87d7c34ebe8dd1315a0de0b8360570c0e78dae3
Author: Mastahyeti <mastahyeti@users.noreply.github.com>
Date:   Tue Sep 30 16:04:26 2014 +0200

    test callbacks

M	spec/hoosegow_docker_spec.rb

commit 87cb44c567d0a50a90a585ddfa421cc02edc70ab
Author: Mastahyeti <mastahyeti@users.noreply.github.com>
Date:   Tue Sep 30 16:12:31 2014 +0200

    tests for Docker#inspect_image

M	lib/hoosegow/docker.rb
M	spec/hoosegow_docker_spec.rb

commit 44e8c5e2027eca9e0578d5e102dceea8afac7d24
Author: Ben Toews <mastahyeti@users.noreply.github.com>
Date:   Tue Sep 30 17:10:47 2014 +0200

    Add MIT license

A	LICENSE

commit 5c1090a090e92bb2cd1ca790eea8ce6337efcbdd
Author: Matt Burke <spraints@gmail.com>
Date:   Tue Sep 30 14:25:40 2014 -0400

    Tell the gemspec about the license.

M	hoosegow.gemspec

commit dc229034080a346cc1d4ad2d38c54609faba7df4
Author: Matt Burke <spraints@gmail.com>
Date:   Tue Sep 30 15:06:01 2014 -0400

    Require yajl-ruby >= 1.1.0
    
    Test script, run like `bundle exec test.rb`
    
        require 'yajl'
    
        puts "Yajl::VERSION = #{Yajl::VERSION rescue "?"}"
    
        puts Yajl.dump "a" => ["b", 1]
        p Yajl.load %Q[ {"a": ["b", 1]} ]
        begin
          Yajl.load "le-boom"
        rescue Yajl::ParseError => e
          puts e
        end
    
        parser = Yajl::Parser.new
        parser.on_parse_complete = Proc.new do |obj|
          p obj
        end
        parser << %Q[ {"a" ]
        parser << %Q[ : ["b", 1]}{ ]
        parser << %Q[ "ok": true} ]

M	Gemfile.lock
M	hoosegow.gemspec

commit b602981c93f922410fa75814650a7d97e31e9e40
Author: Matt Burke <spraints@gmail.com>
Date:   Tue Sep 30 15:12:39 2014 -0400

    Require rspec = 2.14.1
    
    This is a development dependency, so it shouldn't (?) cause any trouble.

M	Gemfile.lock
M	hoosegow.gemspec

commit 2f4cddd373666048370b94b9377d12a06f9bd6a4
Author: Matt Burke <spraints@gmail.com>
Date:   Tue Sep 30 15:23:52 2014 -0400

    Require msgpack >= 0.5.6.
    
    `rspec` covers our use of msgpack pretty thoroughly.

M	Gemfile.lock
M	hoosegow.gemspec

commit 41ac10b9cee9e4f7928e48c2183da56d6567c12d
Author: Matt Burke <spraints@gmail.com>
Date:   Tue Sep 30 15:32:47 2014 -0400

    gemspec: Revise summary, add description.

M	hoosegow.gemspec

commit 5d335e91e1f0323a41132112b4e506fa09bb98f3
Author: Matt Burke <spraints@gmail.com>
Date:   Tue Sep 30 15:37:03 2014 -0400

    Set a minimum ruby version.
    
    This might run on older versions of ruby, but I only tested as far back
    as 1.9.3.

M	.ruby-version
M	hoosegow.gemspec

commit 500c631c2734eb9b3e4763c2c5259b20e2b6601a
Merge: f7068fb 5c1090a
Author: Ben Toews <mastahyeti@users.noreply.github.com>
Date:   Tue Sep 30 21:50:21 2014 +0200

    Merge pull request #33 from github/license
    
    Add MIT license

commit 686c5c6ff89fccb4f1fb3c1e36bcd52146344b47
Author: Matt Burke <spraints@gmail.com>
Date:   Wed Oct 1 05:29:18 2014 -0400

    add myself.

M	hoosegow.gemspec

commit f4b74fa5979042063e8e172ca7097f5f8bfeaf75
Merge: 500c631 686c5c6
Author: Matt Burke <spraints@gmail.com>
Date:   Wed Oct 1 05:30:09 2014 -0400

    Merge pull request #34 from github/clean-up-gem-build-warnings
    
    Clean up gem build warnings

commit bdba9ff814eb4919ffae8a24df82af8e78595508
Author: Mastahyeti <mastahyeti@users.noreply.github.com>
Date:   Thu Oct 2 18:15:43 2014 +0200

    bump docker-api version with excon warning fix

M	hoosegow.gemspec

commit 081fcc2642001f94ce1d3822b944ea84a4867c18
Author: Mastahyeti <mastahyeti@users.noreply.github.com>
Date:   Thu Oct 2 19:50:50 2014 +0200

    use ::Docker::Image::image_exist?

M	lib/hoosegow.rb
M	lib/hoosegow/docker.rb

commit 4bbdbd06d4a8e9c0b947fc118ed60893e1a7b35b
Merge: 081fcc2 f4b74fa
Author: Mastahyeti <mastahyeti@users.noreply.github.com>
Date:   Thu Oct 2 20:09:14 2014 +0200

    Merge branch 'master' into use_docker_lib
    
    Conflicts:
    	Gemfile.lock
    	hoosegow.gemspec

commit f949ab8189ea5a867239512c987bafa1b1f4d712
Author: Mastahyeti <mastahyeti@users.noreply.github.com>
Date:   Thu Oct 2 20:11:11 2014 +0200

    reorder gemspec

M	hoosegow.gemspec

commit ebd20e12cf171a19d03808ed22c9dc80e8eb670f
Author: Mastahyeti <mastahyeti@users.noreply.github.com>
Date:   Tue Oct 7 20:37:03 2014 +0200

    use Docker::Image.exist?

M	Gemfile.lock
M	hoosegow.gemspec
M	lib/hoosegow/docker.rb
M	spec/hoosegow_docker_spec.rb

commit 016e1a7aea6e507347b9b33ea1e1256c141d6a24
Merge: f4b74fa ebd20e1
Author: Ben Toews <mastahyeti@users.noreply.github.com>
Date:   Tue Oct 7 20:38:07 2014 +0200

    Merge pull request #32 from github/use_docker_lib
    
    Try using Docker-API Ruby gem

commit d5ba0bd1e6e31ff69eebc8d858d2eae103b47433
Author: Ben Toews <mastahyeti@users.noreply.github.com>
Date:   Tue Oct 7 20:39:57 2014 +0200

    1.1.0

M	hoosegow.gemspec

commit 73d761b19767b26516afdb9eb531c936f3ab1dad
Author: Mastahyeti <mastahyeti@users.noreply.github.com>
Date:   Fri Oct 10 16:00:56 2014 +0200

    run as non-root user

M	.ruby-version
M	Dockerfile
M	Gemfile.lock
M	Rakefile
M	hoosegow.gemspec
M	spec/hoosegow_docker_spec.rb
M	spec/hoosegow_spec.rb

commit 2d59bb5cf148f038fefa80c91b7260a773d9c95c
Author: Mastahyeti <mastahyeti@users.noreply.github.com>
Date:   Fri Oct 10 16:04:30 2014 +0200

    unmove some stuff

M	Gemfile.lock
M	Rakefile
M	hoosegow.gemspec

commit b45cb01e341878075578585242582ce469e313e1
Author: Mastahyeti <mastahyeti@users.noreply.github.com>
Date:   Fri Oct 10 16:09:50 2014 +0200

    ws

M	Rakefile

commit 36e2b6d9a9473d79ca3149d2f6607258ab3822f0
Merge: d5ba0bd b45cb01
Author: Ben Toews <mastahyeti@users.noreply.github.com>
Date:   Fri Oct 10 16:11:56 2014 +0200

    Merge pull request #35 from github/no_root
    
    Run as non-root user

commit f1754235aacde123abe7fa322f44815022176036
Author: Mastahyeti <mastahyeti@users.noreply.github.com>
Date:   Fri Oct 10 17:29:59 2014 +0200

    add blurb about security

M	README.md

commit e884a26174a44f9f3a4a102eb7f88f0f60b2bdd2
Author: Mastahyeti <mastahyeti@users.noreply.github.com>
Date:   Fri Oct 10 17:32:56 2014 +0200

    remove msgpack require in hoosegow.rb

M	lib/hoosegow.rb

commit 4264914676a47acbd675a8f07f2bd325b9cec82f
Author: Ben Toews <mastahyeti@users.noreply.github.com>
Date:   Fri Oct 10 17:42:48 2014 +0200

    v1.2.0

M	hoosegow.gemspec

commit eb646cb132a0b11cc3e24d3345e6005cd3925646
Author: Ben Toews <mastahyeti@users.noreply.github.com>
Date:   Fri Oct 10 17:49:21 2014 +0200

    Update README.md

M	README.md

commit add9e0f9d24bb831c2a94c5e45cc65ba0ba04dea
Author: Ben Toews <mastahyeti@users.noreply.github.com>
Date:   Fri Oct 10 17:50:03 2014 +0200

    Update README.md

M	README.md

commit e2965382cc2a0d8fe4197daf979d4236d61ce437
Author: Matt Burke <spraints@gmail.com>
Date:   Fri Oct 10 15:02:53 2014 -0400

    Update the sequence diagram.

A	docs/dispatch-seq.txt
M	docs/dispatch.md
A	docs/dispatch.png

commit d0dc53214a191cf4e151f60c2e42f5e731eda5cd
Author: Matt Burke <spraints@gmail.com>
Date:   Fri Oct 10 22:49:34 2014 -0400

    make method name consistent.

M	docs/dispatch-seq.txt
M	docs/dispatch.png

commit fd1e8977f6cabdfcf9287f0036d5df12ed6db556
Merge: 4264914 d0dc532
Author: Matt Burke <spraints@gmail.com>
Date:   Fri Oct 10 22:51:40 2014 -0400

    Merge pull request #37 from github/update-doc
    
    Update the sequence diagram.

commit f20ccdd836e6a2783a677148b9de9e1fc6419c86
Author: Mastahyeti <mastahyeti@users.noreply.github.com>
Date:   Mon Oct 13 12:54:58 2014 +0200

    don't require anything greater than 1.9.3

D	.ruby-version
M	hoosegow.gemspec

commit 5c0cb4ed46fea7eb6aef7010f99c7075dbe7828b
Author: Mastahyeti <mastahyeti@users.noreply.github.com>
Date:   Mon Oct 13 13:21:08 2014 +0200

    allow ruby version to be specified

M	Dockerfile
M	Gemfile.lock
M	lib/hoosegow.rb
M	lib/hoosegow/image_bundle.rb

commit 74d40aa6e295c2f17ef34e9265ac2ea3f2bdc84a
Author: Ben Toews <mastahyeti@users.noreply.github.com>
Date:   Mon Oct 13 15:05:33 2014 +0200

    Update README.md

M	README.md

commit c7c5197963a2e00f5d6bcd85c2638cdaaf833415
Merge: fd1e897 74d40aa
Author: Ben Toews <mastahyeti@users.noreply.github.com>
Date:   Mon Oct 13 15:05:38 2014 +0200

    Merge pull request #36 from github/security
    
    Add blurb about security

commit 5754d80e22aa19bcfa618b5a296b732371f0377b
Merge: c7c5197 5c0cb4e
Author: Ben Toews <mastahyeti@users.noreply.github.com>
Date:   Mon Oct 13 15:36:43 2014 +0200

    Merge pull request #38 from github/ruby_version
    
    Allow container Ruby version to be specified

commit d30873b8c23f770f894641728e090d30baf3103a
Author: Mastahyeti <mastahyeti@users.noreply.github.com>
Date:   Wed Oct 15 15:56:36 2014 +0200

    no docs

M	Dockerfile
M	lib/hoosegow/docker.rb

commit ffa3502b406115464b8aa471349aeef609608e7a
Author: Tal Niv <tal.niv@github.com>
Date:   Wed Oct 15 07:45:38 2014 -0700

    Create cla.md

A	cla.md

commit 420fc8987f6bddbee7b36dcabac67f3b20a2e3b8
Author: Ben Toews <mastahyeti@users.noreply.github.com>
Date:   Wed Oct 15 19:42:26 2014 +0200

    change name so it will be linked to by issues/PRs

A	CONTRIBUTING.md
D	cla.md

commit 2c1ac580fa17988486c94a5eab81dcd37fec1b18
Merge: 5754d80 420fc89
Author: Ben Toews <mastahyeti@users.noreply.github.com>
Date:   Wed Oct 15 19:42:33 2014 +0200

    Merge pull request #39 from github/talniv-cla
    
    Create cla.md

commit 0f4a67b1dadeb619827d3041992d11a553b98c79
Merge: 2c1ac58 d30873b
Author: Ben Toews <mastahyeti@users.noreply.github.com>
Date:   Thu Oct 16 09:35:29 2014 +0200

    Merge pull request #40 from github/faster_build
    
    Build Ruby without docs

commit 5fa7e9d904d8c03e1edae8c2755b8b0b20c7ac6a
Author: memk <memke@hushmail.com>
Date:   Wed Nov 26 06:51:44 2014 +0000

    Add script/bootstrap

A	script/bootstrap

commit 33f12fe88ba463d3f88cd51eb802fb602d656ca8
Author: memk <memke@hushmail.com>
Date:   Wed Nov 26 06:54:19 2014 +0000

    Add script/cibuild

A	script/cibuild

commit 5a4994c3748cbd242ba796e8d88004e042d3e18a
Merge: 0f4a67b 33f12fe
Author: Ben Toews <mastahyeti@users.noreply.github.com>
Date:   Thu Nov 27 09:05:20 2014 -0700

    Merge pull request #1 from memk/patch-1
    
    Add scripts

commit 29c4de31eed35819406ee1c5713eae37470dab47
Author: Griffin Smith <wildgriffin45@gmail.com>
Date:   Mon Mar 23 15:20:27 2015 -0400

    Fix typo of "privilege" in README

M	README.md

commit a5ccd464cad477439beefaa281bdcdd0cc93ea32
Merge: 5a4994c 29c4de3
Author: Ben Toews <mastahyeti@users.noreply.github.com>
Date:   Mon Mar 23 15:08:21 2015 -0600

    Merge pull request #2 from glittershark/fix-typo
    
    Fix typo of "privilege" in README

commit 9add7f7ab57333bc7e25e4aa11109928473f94b7
Author: Ben Toews <mastahyeti@users.noreply.github.com>
Date:   Tue May 12 08:41:18 2015 -0600

    s/Virtualization/virtualization/

M	README.md

commit 6dd503d06f6d7dd567213a781c8dd47d48861690
Author: Ben Toews <mastahyeti@users.noreply.github.com>
Date:   Thu Jun 11 11:18:11 2015 -0600

    bump version to 1.2.1

M	hoosegow.gemspec

commit cf7681c8087b24d96c3e5c41daeeeb9e52987128
Author: Matt Burke <spraints@gmail.com>
Date:   Tue Jan 20 10:05:45 2015 -0500

    Loosen the docker-api version requirement so we can use a version with TLS.

M	hoosegow.gemspec

commit ec4877d902d0150f334f7255cdacc34a549fd824
Author: Matt Burke <spraints@gmail.com>
Date:   Tue Jan 20 10:11:21 2015 -0500

    Don't override the docker url that it found in the env.
    
    boot2docker sets env vars like this:
    
        export DOCKER_HOST=tcp://192.168.59.104:2376
        export DOCKER_CERT_PATH=/Users/spraints/.boot2docker/certs/porter
        export DOCKER_TLS_VERIFY=1
    
    The docker-api gem initializes `Docker.url` from these variables. If
    boot2docker and docker-api already know what the docker connection is,
    we don't need to mess with it in hoosegow.

M	lib/hoosegow/docker.rb

commit 782b14aed8bfe1f98eca0756ebaa972ee95c1dcc
Author: Matt Burke <spraints@gmail.com>
Date:   Tue Jun 16 16:10:01 2015 -0400

    Need docker-api v1.15 for boot2docker support
    
    This is when docker-api learned about the `DOCKER_*` environment
    variables.

M	hoosegow.gemspec

commit 15fd2e4de375edbf9332ae2e847f16fa2c88919c
Author: Matt Burke <spraints@gmail.com>
Date:   Tue Jun 16 17:34:52 2015 -0400

    Need the fix in https://github.com/swipely/docker-api/pull/251

M	hoosegow.gemspec

commit 4c61c96a1ad09e6ab6b63a70e2a4da8f6ebf9dab
Merge: 6dd503d 15fd2e4
Author: Matt Burke <spraints@gmail.com>
Date:   Fri Jun 19 18:45:29 2015 -0400

    Merge pull request #5 from spraints/boot2docker-tls
    
    Support boot2docker (and its tcp + ssl thing)
